2023-04-12 10:53:32 [Debug] start /fonts/AmaticSC-Bold.ttf
2023-04-12 10:53:32 [Debug] end /fonts/AmaticSC-Bold.ttf
2023-04-12 10:53:32 [Debug] start /favicon.ico
2023-04-12 10:53:32 [Debug] end /favicon.ico
2023-04-12 10:53:36 [Debug] start /Swagger/index.html
2023-04-12 10:53:36 [Debug] end /Swagger/index.html
2023-04-12 10:53:36 [Debug] start /Swagger/v1/swagger.json
2023-04-12 10:53:36 [Debug] end /Swagger/v1/swagger.json
2023-04-12 10:53:41 [Debug] start /Task
2023-04-12 10:53:41 [Debug] end /Task
2023-04-12 10:53:52 [Debug] start /User
2023-04-12 10:53:52 [Debug] end /User
2023-04-13 11:30:48 [Debug] start /fonts/AmaticSC-Bold.ttf
2023-04-13 11:30:48 [Debug] end /fonts/AmaticSC-Bold.ttf
2023-04-13 11:30:48 [Debug] start /favicon.ico
2023-04-13 11:30:48 [Debug] end /favicon.ico
2023-04-13 11:30:53 [Debug] start /Swagger/index.html
2023-04-13 11:30:53 [Debug] end /Swagger/index.html
2023-04-13 11:30:53 [Debug] start /Swagger/v1/swagger.json
2023-04-13 11:30:54 [Debug] end /Swagger/v1/swagger.json
2023-04-13 11:31:09 [Debug] start /Task
2023-04-13 11:31:09 [Debug] end /Task
2023-04-13 11:31:33 [Debug] start /Task
2023-04-13 11:31:33 [Debug] end /Task
2023-04-13 11:32:01 [Debug] start /User
2023-04-13 11:32:02 [Debug] end /User
2023-04-13 11:32:34 [Debug] start /User
2023-04-13 11:32:34 [Debug] end /User
2023-04-13 11:32:45 [Debug] start /Task
2023-04-13 11:32:45 [Debug] end /Task
2023-04-13 11:33:31 [Debug] start /User/Login
2023-04-13 11:33:31 [Debug] end /User/Login
2023-04-13 11:33:45 [Debug] start /User/Login
2023-04-13 11:33:45 [Debug] end /User/Login
2023-04-13 11:34:08 [Debug] start /Task
2023-04-13 11:34:08 [Debug] end /Task
2023-04-13 11:41:44 [Debug] start /fonts/AmaticSC-Bold.ttf
2023-04-13 11:41:45 [Debug] end /fonts/AmaticSC-Bold.ttf
2023-04-13 11:41:55 [Debug] start /Swagger/index.html
2023-04-13 11:41:55 [Debug] end /Swagger/index.html
2023-04-13 11:41:56 [Debug] start /Swagger/v1/swagger.json
2023-04-13 11:41:56 [Debug] end /Swagger/v1/swagger.json
2023-04-13 11:44:18 [Debug] start /Task
2023-04-13 11:44:18 [Debug] end /Task
2023-04-13 11:45:23 [Debug] start /fonts/AmaticSC-Bold.ttf
2023-04-13 11:45:23 [Debug] end /fonts/AmaticSC-Bold.ttf
2023-04-13 11:45:33 [Debug] start /User/Login
2023-04-13 11:45:34 [Debug] end /User/Login
2023-04-13 11:45:35 [Debug] start /admin.html
2023-04-13 11:45:35 [Debug] end /admin.html
2023-04-13 11:45:35 [Debug] start /site.js
2023-04-13 11:45:35 [Debug] end /site.js
2023-04-13 11:45:35 [Debug] start /task
2023-04-13 11:45:35 [Debug] end /task
2023-04-13 11:47:01 [Debug] start /user.html
2023-04-13 11:47:01 [Debug] end /user.html
2023-04-13 11:47:09 [Debug] start /task
2023-04-13 11:47:09 [Debug] end /task
2023-04-13 12:33:19 [Debug] start /fonts/AmaticSC-Bold.ttf
2023-04-13 12:33:19 [Debug] end /fonts/AmaticSC-Bold.ttf
2023-04-13 12:33:25 [Debug] start /Swagger/index.html
2023-04-13 12:33:25 [Debug] end /Swagger/index.html
2023-04-13 12:33:25 [Debug] start /Swagger/v1/swagger.json
2023-04-13 12:33:26 [Debug] end /Swagger/v1/swagger.json
2023-04-13 12:34:03 [Debug] start /User/Login
2023-04-13 12:34:04 [Debug] end /User/Login
2023-04-13 01:12:07 [Debug] start /fonts/AmaticSC-Bold.ttf
2023-04-13 01:12:07 [Debug] end /fonts/AmaticSC-Bold.ttf
2023-04-13 01:12:11 [Debug] start /task
2023-04-13 01:12:11 [Debug] end /task
2023-04-13 01:12:35 [Debug] start /
2023-04-13 01:12:35 [Debug] end /index.html
2023-04-13 01:12:35 [Debug] start /login.js
2023-04-13 01:12:35 [Debug] end /login.js
2023-04-13 01:12:35 [Debug] start /fonts/AmaticSC-Bold.ttf
2023-04-13 01:12:35 [Debug] end /fonts/AmaticSC-Bold.ttf
2023-04-13 01:21:32 [Debug] start /
2023-04-13 01:21:32 [Debug] end /index.html
2023-04-13 01:21:32 [Debug] start /login.js
2023-04-13 01:21:32 [Debug] end /login.js
2023-04-13 01:21:32 [Debug] start /fonts/AmaticSC-Bold.ttf
2023-04-13 01:21:32 [Debug] end /fonts/AmaticSC-Bold.ttf
2023-04-13 01:21:48 [Debug] start /admin.html
2023-04-13 01:21:48 [Debug] end /admin.html
2023-04-13 01:21:48 [Debug] start /admin.js
2023-04-13 01:21:48 [Debug] end /admin.js
2023-04-13 01:24:09 [Debug] start /admin.html
2023-04-13 01:24:09 [Debug] end /admin.html
2023-04-13 01:24:09 [Debug] start /admin.js
2023-04-13 01:24:09 [Debug] end /admin.js
2023-04-13 01:27:45 [Debug] start /
2023-04-13 01:27:45 [Debug] end /index.html
2023-04-13 01:27:45 [Debug] start /fonts/AmaticSC-Bold.ttf
2023-04-13 01:27:45 [Debug] end /fonts/AmaticSC-Bold.ttf
2023-04-13 01:27:51 [Debug] start /admin.html
2023-04-13 01:27:51 [Debug] end /admin.html
2023-04-13 01:27:51 [Debug] start /admin.js
2023-04-13 01:27:51 [Debug] end /admin.js
2023-04-13 01:28:39 [Debug] start /admin.html
2023-04-13 01:28:39 [Debug] end /admin.html
2023-04-13 01:28:39 [Debug] start /admin.js
2023-04-13 01:28:39 [Debug] end /admin.js
2023-04-13 01:29:06 [Debug] start /
2023-04-13 01:29:06 [Debug] end /index.html
2023-04-13 01:29:06 [Debug] start /login.js
2023-04-13 01:29:06 [Debug] end /login.js
2023-04-13 01:29:06 [Debug] start /favicon.ico
2023-04-13 01:29:06 [Debug] end /favicon.ico
2023-04-13 01:29:28 [Debug] start /user.html
2023-04-13 01:29:28 [Debug] end /user.html
2023-04-13 01:29:55 [Debug] start /admin.html
2023-04-13 01:29:55 [Debug] end /admin.html
2023-04-13 01:29:55 [Debug] start /admin.js
2023-04-13 01:29:55 [Debug] end /admin.js
2023-04-13 01:30:08 [Debug] start /admin.html
2023-04-13 01:30:08 [Debug] end /admin.html
2023-04-13 01:57:31 [Debug] start /
2023-04-13 01:57:31 [Debug] end /index.html
2023-04-13 01:57:31 [Debug] start /login.js
2023-04-13 01:57:31 [Debug] end /login.js
2023-04-13 01:57:37 [Debug] start /Swagger/index.html
2023-04-13 01:57:37 [Debug] end /Swagger/index.html
2023-04-13 01:57:37 [Debug] start /Swagger/v1/swagger.json
2023-04-13 01:57:37 [Debug] end /Swagger/v1/swagger.json
2023-04-13 01:57:50 [Debug] start /admin.html
2023-04-13 01:57:50 [Debug] end /admin.html
2023-04-13 01:57:51 [Debug] start /admin.js
2023-04-13 01:57:51 [Debug] end /admin.js
2023-04-13 01:58:01 [Debug] start /admin.html
2023-04-13 01:58:01 [Debug] end /admin.html
2023-04-13 01:58:01 [Debug] start /admin.js
2023-04-13 01:58:01 [Debug] end /admin.js
2023-04-13 01:58:02 [Debug] start /favicon.ico
2023-04-13 01:58:02 [Debug] end /favicon.ico
2023-04-13 01:58:52 [Debug] start /site.css
2023-04-13 01:58:52 [Debug] end /site.css
2023-04-13 01:58:52 [Debug] start /fonts/AmaticSC-Bold.ttf
2023-04-13 01:58:52 [Debug] end /fonts/AmaticSC-Bold.ttf
2023-04-13 01:58:53 [Debug] start /admin.js
2023-04-13 01:58:53 [Debug] end /admin.js
2023-04-13 01:59:06 [Debug] start /admin.html
2023-04-13 01:59:06 [Debug] end /admin.html
2023-04-13 01:59:06 [Debug] start /admin.js
2023-04-13 01:59:06 [Debug] end /admin.js
2023-04-13 01:59:06 [Debug] start /favicon.ico
2023-04-13 01:59:06 [Debug] end /favicon.ico
2023-04-13 01:59:32 [Debug] start /admin.html
2023-04-13 01:59:32 [Debug] end /admin.html
2023-04-13 01:59:33 [Debug] start /admin.js
2023-04-13 01:59:33 [Debug] end /admin.js
2023-04-13 01:59:33 [Debug] start /User
2023-04-13 01:59:33 [Debug] end /User
2023-04-13 02:00:41 [Debug] start /User/Login
2023-04-13 02:00:41 [Debug] end /User/Login
2023-04-13 02:00:42 [Debug] start /user.html
2023-04-13 02:00:42 [Debug] end /user.html
2023-04-13 02:02:09 [Debug] start /user.html
2023-04-13 02:02:09 [Debug] end /user.html
2023-04-13 02:02:25 [Debug] start /admin.html
2023-04-13 02:02:25 [Debug] end /admin.html
2023-04-13 02:02:25 [Debug] start /admin.js
2023-04-13 02:02:25 [Debug] end /admin.js
2023-04-13 02:02:26 [Debug] start /User
2023-04-13 02:02:26 [Debug] end /User
2023-04-13 02:04:22 [Debug] start /
2023-04-13 02:04:22 [Debug] end /index.html
2023-04-13 02:04:22 [Debug] start /login.js
2023-04-13 02:04:22 [Debug] end /login.js
2023-04-13 02:04:23 [Debug] start /fonts/AmaticSC-Bold.ttf
2023-04-13 02:04:23 [Debug] end /fonts/AmaticSC-Bold.ttf
2023-04-13 02:04:35 [Debug] start /User/Login
2023-04-13 02:04:36 [Debug] end /User/Login
2023-04-13 02:04:42 [Debug] start /admin.html
2023-04-13 02:04:42 [Debug] end /admin.html
2023-04-13 02:04:42 [Debug] start /admin.js
2023-04-13 02:04:42 [Debug] end /admin.js
2023-04-13 02:04:44 [Debug] start /User
2023-04-13 02:04:44 [Debug] end /User
2023-04-13 02:08:32 [Debug] start /admin.html
2023-04-13 02:08:32 [Debug] end /admin.html
2023-04-13 02:08:32 [Debug] start /admin.js
2023-04-13 02:08:32 [Debug] end /admin.js
2023-04-13 02:08:35 [Debug] start /User
2023-04-13 02:08:35 [Debug] end /User
2023-04-13 02:08:35 [Debug] start /favicon.ico
2023-04-13 02:08:35 [Debug] end /favicon.ico
2023-04-13 02:10:17 [Debug] start /
2023-04-13 02:10:18 [Debug] end /index.html
2023-04-13 02:10:18 [Debug] start /login.js
2023-04-13 02:10:18 [Debug] end /login.js
2023-04-13 02:10:18 [Debug] start /fonts/AmaticSC-Bold.ttf
2023-04-13 02:10:18 [Debug] end /fonts/AmaticSC-Bold.ttf
2023-04-13 02:11:59 [Debug] start /User/Login
2023-04-13 02:11:59 [Debug] end /User/Login
2023-04-13 02:12:00 [Debug] start /user.html
2023-04-13 02:12:00 [Debug] end /user.html
2023-04-13 02:12:11 [Debug] start /admin.html
2023-04-13 02:12:11 [Debug] end /admin.html
2023-04-13 02:12:11 [Debug] start /admin.js
2023-04-13 02:12:11 [Debug] end /admin.js
2023-04-13 02:12:12 [Debug] start /User
2023-04-13 02:12:12 [Debug] end /User
2023-04-13 02:12:16 [Debug] start /admin.html
2023-04-13 02:12:16 [Debug] end /admin.html
2023-04-13 02:12:16 [Debug] start /admin.js
2023-04-13 02:12:16 [Debug] end /admin.js
2023-04-13 02:12:18 [Debug] start /User
2023-04-13 02:12:18 [Debug] end /User
2023-04-13 02:12:18 [Debug] start /favicon.ico
2023-04-13 02:12:18 [Debug] end /favicon.ico
2023-04-13 02:17:07 [Debug] start /
2023-04-13 02:17:07 [Debug] end /index.html
2023-04-13 02:17:07 [Debug] start /login.js
2023-04-13 02:17:07 [Debug] end /login.js
2023-04-13 02:17:07 [Debug] start /fonts/AmaticSC-Bold.ttf
2023-04-13 02:17:07 [Debug] end /fonts/AmaticSC-Bold.ttf
2023-04-13 02:17:37 [Debug] start /User/Login
2023-04-13 02:17:38 [Debug] end /User/Login
2023-04-13 02:17:40 [Debug] start /user.html
2023-04-13 02:17:40 [Debug] end /user.html
2023-04-13 02:17:45 [Debug] start /admin.html
2023-04-13 02:17:45 [Debug] end /admin.html
2023-04-13 02:17:45 [Debug] start /admin.js
2023-04-13 02:17:45 [Debug] end /admin.js
2023-04-13 02:17:46 [Debug] start /User
2023-04-13 02:17:46 [Debug] end /User
2023-04-13 02:17:58 [Debug] start /admin.html
2023-04-13 02:17:58 [Debug] end /admin.html
2023-04-13 02:17:58 [Debug] start /admin.js
2023-04-13 02:17:58 [Debug] end /admin.js
2023-04-13 02:18:00 [Debug] start /User
2023-04-13 02:18:00 [Debug] end /User
2023-04-13 02:18:00 [Debug] start /favicon.ico
2023-04-13 02:18:00 [Debug] end /favicon.ico
2023-04-13 02:18:51 [Debug] start /login.js
2023-04-13 02:18:52 [Debug] end /login.js
2023-04-13 02:18:52 [Debug] start /fonts/AmaticSC-Bold.ttf
2023-04-13 02:18:52 [Debug] end /fonts/AmaticSC-Bold.ttf
2023-04-13 02:19:09 [Debug] start /User/Login
2023-04-13 02:19:10 [Debug] end /User/Login
2023-04-13 02:19:15 [Debug] start /admin.html
2023-04-13 02:19:15 [Debug] end /admin.html
2023-04-13 02:19:15 [Debug] start /admin.js
2023-04-13 02:19:15 [Debug] end /admin.js
2023-04-13 02:19:16 [Debug] start /User
2023-04-13 02:19:16 [Debug] end /User
2023-04-13 02:19:49 [Debug] start /User
2023-04-13 02:19:49 [Debug] end /User
2023-04-13 02:21:10 [Debug] start /login.js
2023-04-13 02:21:10 [Debug] end /login.js
2023-04-13 02:21:10 [Debug] start /fonts/AmaticSC-Bold.ttf
2023-04-13 02:21:10 [Debug] end /fonts/AmaticSC-Bold.ttf
2023-04-13 02:21:20 [Debug] start /User/Login
2023-04-13 02:21:21 [Debug] end /User/Login
2023-04-13 02:21:26 [Debug] start /admin.html
2023-04-13 02:21:26 [Debug] end /admin.html
2023-04-13 02:21:26 [Debug] start /admin.js
2023-04-13 02:21:26 [Debug] end /admin.js
2023-04-13 02:21:26 [Debug] start /User
2023-04-13 02:21:27 [Debug] end /User
2023-04-13 02:21:53 [Debug] start /admin.js
2023-04-13 02:21:53 [Debug] end /admin.js
2023-04-13 02:21:54 [Debug] start /User
2023-04-13 02:21:54 [Debug] end /User
2023-04-13 02:22:57 [Debug] start /Swagger/index.html
2023-04-13 02:22:57 [Debug] end /Swagger/index.html
2023-04-13 02:22:58 [Debug] start /Swagger/v1/swagger.json
2023-04-13 02:22:58 [Debug] end /Swagger/v1/swagger.json
2023-04-13 02:25:01 [Debug] start /Swagger/index.html
2023-04-13 02:25:02 [Debug] end /Swagger/index.html
2023-04-13 02:25:02 [Debug] start /Swagger/v1/swagger.json
2023-04-13 02:25:02 [Debug] end /Swagger/v1/swagger.json
2023-04-13 02:25:27 [Debug] start /User/Login
2023-04-13 02:25:28 [Debug] end /User/Login
2023-04-13 02:25:50 [Debug] start /User
2023-04-13 02:25:50 [Debug] end /User
2023-04-13 02:26:45 [Debug] start /
2023-04-13 02:26:45 [Debug] end /index.html
2023-04-13 02:26:45 [Debug] start /login.js
2023-04-13 02:26:45 [Debug] end /login.js
2023-04-13 02:26:46 [Debug] start /fonts/AmaticSC-Bold.ttf
2023-04-13 02:26:46 [Debug] end /fonts/AmaticSC-Bold.ttf
2023-04-13 02:26:57 [Debug] start /User/Login
2023-04-13 02:26:58 [Debug] end /User/Login
2023-04-13 02:26:59 [Debug] start /user.html
2023-04-13 02:26:59 [Debug] end /user.html
2023-04-13 02:27:02 [Debug] start /admin.html
2023-04-13 02:27:02 [Debug] end /admin.html
2023-04-13 02:27:02 [Debug] start /admin.js
2023-04-13 02:27:02 [Debug] end /admin.js
2023-04-13 02:27:08 [Debug] start /User
2023-04-13 02:27:08 [Debug] end /User
2023-04-13 02:27:44 [Debug] start /Swagger/index.html
2023-04-13 02:27:44 [Debug] end /Swagger/index.html
2023-04-13 02:27:45 [Debug] start /Swagger/v1/swagger.json
2023-04-13 02:27:45 [Debug] end /Swagger/v1/swagger.json
2023-04-13 02:28:35 [Debug] start /admin.html
2023-04-13 02:28:35 [Debug] end /admin.html
2023-04-13 02:28:35 [Debug] start /admin.js
2023-04-13 02:28:35 [Debug] end /admin.js
2023-04-13 02:28:37 [Debug] start /User
2023-04-13 02:28:37 [Debug] end /User
2023-04-13 02:28:37 [Debug] start /favicon.ico
2023-04-13 02:28:37 [Debug] end /favicon.ico
2023-04-13 02:29:29 [Debug] start /login.js
2023-04-13 02:29:29 [Debug] end /login.js
2023-04-13 02:29:29 [Debug] start /fonts/AmaticSC-Bold.ttf
2023-04-13 02:29:29 [Debug] end /fonts/AmaticSC-Bold.ttf
2023-04-13 02:29:38 [Debug] start /User/Login
2023-04-13 02:29:39 [Debug] end /User/Login
2023-04-13 02:29:43 [Debug] start /admin.js
2023-04-13 02:29:43 [Debug] end /admin.js
2023-04-13 02:29:44 [Debug] start /User
2023-04-13 02:29:44 [Debug] end /User
2023-04-13 02:31:00 [Debug] start /admin.html
2023-04-13 02:31:00 [Debug] end /admin.html
2023-04-13 02:31:00 [Debug] start /admin.js
2023-04-13 02:31:00 [Debug] end /admin.js
2023-04-13 02:31:02 [Debug] start /User
2023-04-13 02:31:02 [Debug] end /User
2023-04-13 02:31:22 [Debug] start /User
2023-04-13 02:31:22 [Debug] end /User
2023-04-13 02:34:45 [Debug] start /admin.html
2023-04-13 02:34:45 [Debug] end /admin.html
2023-04-13 02:34:45 [Debug] start /admin.js
2023-04-13 02:34:45 [Debug] end /admin.js
2023-04-13 02:34:47 [Debug] start /User
2023-04-13 02:34:47 [Debug] end /User
2023-04-13 02:35:06 [Debug] start /admin.html
2023-04-13 02:35:06 [Debug] end /admin.html
2023-04-13 02:35:07 [Debug] start /User
2023-04-13 02:35:07 [Debug] end /User
2023-04-13 02:36:07 [Debug] start /
2023-04-13 02:36:07 [Debug] end /index.html
2023-04-13 02:36:07 [Debug] start /login.js
2023-04-13 02:36:07 [Debug] end /login.js
2023-04-13 02:36:07 [Debug] start /fonts/AmaticSC-Bold.ttf
2023-04-13 02:36:07 [Debug] end /fonts/AmaticSC-Bold.ttf
2023-04-13 02:36:10 [Debug] start /
2023-04-13 02:36:10 [Debug] end /index.html
2023-04-13 02:36:10 [Debug] start /login.js
2023-04-13 02:36:10 [Debug] start /site.css
2023-04-13 02:36:10 [Debug] end /site.css
2023-04-13 02:36:10 [Debug] start /fonts/AmaticSC-Bold.ttf
2023-04-13 02:36:10 [Debug] end /fonts/AmaticSC-Bold.ttf
2023-04-13 02:36:10 [Debug] start /favicon.ico
2023-04-13 02:36:10 [Debug] end /favicon.ico
2023-04-13 02:36:12 [Debug] start /
2023-04-13 02:36:12 [Debug] end /index.html
2023-04-13 02:36:12 [Debug] start /login.js
2023-04-13 02:36:12 [Debug] end /login.js
2023-04-13 02:36:12 [Debug] start /site.css
2023-04-13 02:36:12 [Debug] end /site.css
2023-04-13 02:36:12 [Debug] start /fonts/AmaticSC-Bold.ttf
2023-04-13 02:36:12 [Debug] end /fonts/AmaticSC-Bold.ttf
2023-04-13 02:36:12 [Debug] start /favicon.ico
2023-04-13 02:36:12 [Debug] end /favicon.ico
2023-04-13 02:36:23 [Debug] start /User/Login
2023-04-13 02:36:23 [Debug] end /User/Login
2023-04-13 02:36:36 [Debug] start /user.html
2023-04-13 02:36:36 [Debug] end /user.html
2023-04-13 02:37:09 [Debug] start /fonts/AmaticSC-Bold.ttf
2023-04-13 02:37:09 [Debug] end /fonts/AmaticSC-Bold.ttf
2023-04-13 02:37:17 [Debug] start /User/Login
2023-04-13 02:37:17 [Debug] end /User/Login
2023-04-13 02:37:24 [Debug] start /admin.html
2023-04-13 02:37:24 [Debug] end /admin.html
2023-04-13 02:37:24 [Debug] start /admin.js
2023-04-13 02:37:24 [Debug] end /admin.js
2023-04-13 02:37:26 [Debug] start /User
2023-04-13 02:37:26 [Debug] end /User
2023-04-13 02:37:51 [Debug] start /admin.html
2023-04-13 02:37:51 [Debug] end /admin.html
2023-04-13 02:37:51 [Debug] start /admin.js
2023-04-13 02:37:51 [Debug] end /admin.js
2023-04-13 02:37:54 [Debug] start /User
2023-04-13 02:37:54 [Debug] end /User
2023-04-13 02:38:54 [Debug] start /admin.js
2023-04-13 02:38:54 [Debug] end /admin.js
2023-04-13 02:38:55 [Debug] start /User
2023-04-13 02:38:55 [Debug] end /User
2023-04-13 02:40:22 [Debug] start /User
2023-04-13 02:40:22 [Debug] end /User
2023-04-13 02:42:50 [Debug] start /User/Login
2023-04-13 02:42:50 [Debug] end /User/Login
2023-04-13 02:45:45 [Debug] start /
2023-04-13 02:45:45 [Debug] end /index.html
2023-04-13 02:45:45 [Debug] start /login.js
2023-04-13 02:45:45 [Debug] end /login.js
2023-04-13 02:45:45 [Debug] start /fonts/AmaticSC-Bold.ttf
2023-04-13 02:45:45 [Debug] end /fonts/AmaticSC-Bold.ttf
2023-04-13 02:45:45 [Debug] start /favicon.ico
2023-04-13 02:45:45 [Debug] end /favicon.ico
2023-04-13 02:45:58 [Debug] start /User/Login
2023-04-13 02:45:59 [Debug] end /User/Login
2023-04-13 02:46:00 [Debug] start /user.html
2023-04-13 02:46:00 [Debug] end /user.html
2023-04-13 02:46:05 [Debug] start /admin.html
2023-04-13 02:46:05 [Debug] end /admin.html
2023-04-13 02:46:05 [Debug] start /admin.js
2023-04-13 02:46:05 [Debug] end /admin.js
2023-04-13 02:46:07 [Debug] start /User
2023-04-13 02:46:07 [Debug] end /User
2023-04-13 02:46:17 [Debug] start /admin.html
2023-04-13 02:46:17 [Debug] end /admin.html
2023-04-13 02:46:19 [Debug] start /User
2023-04-13 02:46:19 [Debug] end /User
2023-04-13 02:46:30 [Debug] start /User
2023-04-13 02:46:30 [Debug] end /User
2023-04-13 02:50:57 [Debug] start /User
2023-04-13 02:50:57 [Debug] end /User
2023-04-13 02:56:39 [Debug] start /
2023-04-13 02:56:39 [Debug] end /index.html
2023-04-13 02:56:39 [Debug] start /login.js
2023-04-13 02:56:39 [Debug] end /login.js
2023-04-13 02:56:39 [Debug] start /fonts/AmaticSC-Bold.ttf
2023-04-13 02:56:39 [Debug] end /fonts/AmaticSC-Bold.ttf
2023-04-13 02:56:54 [Debug] start /Swagger/index.html
2023-04-13 02:56:54 [Debug] end /Swagger/index.html
2023-04-13 02:56:54 [Debug] start /Swagger/v1/swagger.json
2023-04-13 02:56:54 [Debug] end /Swagger/v1/swagger.json
2023-04-13 02:57:11 [Debug] start /User/Login
2023-04-13 02:57:11 [Debug] end /User/Login
2023-04-13 02:57:40 [Debug] start /User
2023-04-13 02:57:40 [Debug] end /User
2023-04-13 02:58:51 [Debug] start /fonts/AmaticSC-Bold.ttf
2023-04-13 02:58:51 [Debug] end /fonts/AmaticSC-Bold.ttf
2023-04-13 02:59:00 [Debug] start /User/Login
2023-04-13 02:59:01 [Debug] end /User/Login
2023-04-13 02:59:02 [Debug] start /user.html
2023-04-13 02:59:02 [Debug] end /user.html
2023-04-13 02:59:04 [Debug] start /admin.html
2023-04-13 02:59:04 [Debug] end /admin.html
2023-04-13 02:59:04 [Debug] start /admin.js
2023-04-13 02:59:04 [Debug] end /admin.js
2023-04-13 02:59:05 [Debug] start /User
2023-04-13 02:59:06 [Debug] end /User
2023-04-13 02:59:18 [Debug] start /admin.html
2023-04-13 02:59:18 [Debug] end /admin.html
2023-04-13 02:59:18 [Debug] start /admin.js
2023-04-13 02:59:18 [Debug] end /admin.js
2023-04-13 02:59:20 [Debug] start /User
2023-04-13 02:59:20 [Debug] end /User
2023-04-13 03:02:06 [Debug] start /login.js
2023-04-13 03:02:07 [Debug] end /login.js
2023-04-13 03:02:07 [Debug] start /fonts/AmaticSC-Bold.ttf
2023-04-13 03:02:07 [Debug] end /fonts/AmaticSC-Bold.ttf
2023-04-13 03:02:17 [Debug] start /User/Login
2023-04-13 03:02:17 [Debug] end /User/Login
2023-04-13 03:02:20 [Debug] start /admin.js
2023-04-13 03:02:20 [Debug] end /admin.js
2023-04-13 03:02:21 [Debug] start /User
2023-04-13 03:02:21 [Debug] end /User
2023-04-13 03:04:19 [Debug] start /admin.html
2023-04-13 03:04:19 [Debug] end /admin.html
2023-04-13 03:04:19 [Debug] start /admin.js
2023-04-13 03:04:19 [Debug] end /admin.js
2023-04-13 03:04:21 [Debug] start /User
2023-04-13 03:04:21 [Debug] end /User
2023-04-13 03:05:01 [Debug] start /admin.html
2023-04-13 03:05:01 [Debug] end /admin.html
2023-04-13 03:05:01 [Debug] start /admin.js
2023-04-13 03:05:01 [Debug] end /admin.js
2023-04-13 03:05:03 [Debug] start /User
2023-04-13 03:05:03 [Debug] end /User
2023-04-13 03:06:51 [Debug] start /admin.html
2023-04-13 03:06:51 [Debug] end /admin.html
2023-04-13 03:06:51 [Debug] start /admin.js
2023-04-13 03:06:51 [Debug] end /admin.js
2023-04-13 03:06:53 [Debug] start /User
2023-04-13 03:06:53 [Debug] end /User
2023-04-13 03:07:32 [Debug] start /admin.html
2023-04-13 03:07:32 [Debug] end /admin.html
2023-04-13 03:07:32 [Debug] start /admin.js
2023-04-13 03:07:32 [Debug] end /admin.js
2023-04-13 03:07:35 [Debug] start /User
2023-04-13 03:07:35 [Debug] end /User
2023-04-13 03:08:24 [Debug] start /
2023-04-13 03:08:24 [Debug] end /index.html
2023-04-13 03:08:24 [Debug] start /login.js
2023-04-13 03:08:24 [Debug] end /login.js
2023-04-13 03:08:24 [Debug] start /fonts/AmaticSC-Bold.ttf
2023-04-13 03:08:24 [Debug] end /fonts/AmaticSC-Bold.ttf
2023-04-13 03:08:34 [Debug] start /User/Login
2023-04-13 03:08:35 [Debug] end /User/Login
2023-04-13 03:08:38 [Debug] start /user.html
2023-04-13 03:08:38 [Debug] end /user.html
2023-04-13 03:08:40 [Debug] start /admin.js
2023-04-13 03:08:40 [Debug] end /admin.js
2023-04-13 03:08:41 [Debug] start /User
2023-04-13 03:08:41 [Debug] end /User
2023-04-13 03:08:50 [Debug] start /admin.html
2023-04-13 03:08:50 [Debug] end /admin.html
2023-04-13 03:08:50 [Debug] start /admin.js
2023-04-13 03:08:50 [Debug] end /admin.js
2023-04-13 03:08:52 [Debug] start /User
2023-04-13 03:08:52 [Debug] end /User
2023-04-13 03:20:48 [Debug] start /
2023-04-13 03:20:48 [Debug] end /index.html
2023-04-13 03:20:48 [Debug] start /login.js
2023-04-13 03:20:48 [Debug] end /login.js
2023-04-13 03:20:49 [Debug] start /favicon.ico
2023-04-13 03:20:49 [Debug] end /favicon.ico
2023-04-13 03:20:49 [Debug] start /favicon.ico
2023-04-13 03:20:49 [Debug] end /favicon.ico
2023-04-13 03:20:57 [Debug] start /User/Login
2023-04-13 03:20:57 [Debug] end /User/Login
2023-04-13 03:20:58 [Debug] start /User/Login
2023-04-13 03:20:58 [Debug] end /User/Login
2023-04-13 03:21:00 [Debug] start /User/Login
2023-04-13 03:21:00 [Debug] end /User/Login
2023-04-13 03:21:00 [Debug] start /User/Login
2023-04-13 03:21:00 [Debug] end /User/Login
2023-04-13 03:21:53 [Debug] start /
2023-04-13 03:21:53 [Debug] end /index.html
2023-04-13 03:21:53 [Debug] start /login.js
2023-04-13 03:21:53 [Debug] end /login.js
2023-04-13 03:21:53 [Debug] start /fonts/AmaticSC-Bold.ttf
2023-04-13 03:21:53 [Debug] end /fonts/AmaticSC-Bold.ttf
2023-04-13 03:21:53 [Debug] start /favicon.ico
2023-04-13 03:21:53 [Debug] end /favicon.ico
2023-04-13 03:22:02 [Debug] start /User/Login
2023-04-13 03:22:02 [Debug] end /User/Login
2023-04-13 03:22:06 [Debug] start /user.html
2023-04-13 03:22:06 [Debug] end /user.html
2023-04-13 03:22:11 [Debug] start /admin.html
2023-04-13 03:22:11 [Debug] end /admin.html
2023-04-13 03:22:11 [Debug] start /admin.js
2023-04-13 03:22:11 [Debug] end /admin.js
2023-04-13 03:22:12 [Debug] start /User
2023-04-13 03:22:12 [Debug] end /User
2023-04-13 03:22:23 [Debug] start /User
2023-04-13 03:22:23 [Debug] end /User
2023-04-13 03:38:03 [Debug] start /Swagger/index.html
2023-04-13 03:38:03 [Debug] end /Swagger/index.html
2023-04-13 03:38:04 [Debug] start /Swagger/v1/swagger.json
2023-04-13 03:38:04 [Debug] end /Swagger/v1/swagger.json
2023-04-13 03:38:24 [Debug] start /User/Login
2023-04-13 03:38:24 [Debug] end /User/Login
2023-04-13 03:38:59 [Debug] start /User
2023-04-13 03:38:59 [Debug] end /User
2023-04-13 04:02:25 [Debug] start /
2023-04-13 04:02:25 [Debug] end /index.html
2023-04-13 04:02:25 [Debug] start /login.js
2023-04-13 04:02:25 [Debug] end /login.js
2023-04-13 04:02:25 [Debug] start /fonts/AmaticSC-Bold.ttf
2023-04-13 04:02:25 [Debug] end /fonts/AmaticSC-Bold.ttf
2023-04-13 04:02:25 [Debug] start /favicon.ico
2023-04-13 04:02:25 [Debug] end /favicon.ico
2023-04-13 04:02:35 [Debug] start /User/Login
2023-04-13 04:02:36 [Debug] end /User/Login
2023-04-13 04:02:37 [Debug] start /user.html
2023-04-13 04:02:37 [Debug] end /user.html
2023-04-13 04:02:55 [Debug] start /admin.html
2023-04-13 04:02:55 [Debug] end /admin.html
2023-04-13 04:02:55 [Debug] start /admin.js
2023-04-13 04:02:55 [Debug] end /admin.js
2023-04-13 04:02:57 [Debug] start /User
2023-04-13 04:02:57 [Debug] end /User
2023-04-13 04:08:41 [Debug] start /fonts/AmaticSC-Bold.ttf
2023-04-13 04:08:41 [Debug] end /fonts/AmaticSC-Bold.ttf
2023-04-13 04:08:41 [Debug] start /favicon.ico
2023-04-13 04:08:41 [Debug] end /favicon.ico
2023-04-13 04:08:49 [Debug] start /fonts/AmaticSC-Bold.ttf
2023-04-13 04:08:49 [Debug] end /fonts/AmaticSC-Bold.ttf
2023-04-13 04:08:56 [Debug] start /admin.html
2023-04-13 04:08:56 [Debug] end /admin.html
2023-04-13 04:08:56 [Debug] start /admin.js
2023-04-13 04:08:56 [Debug] end /admin.js
2023-04-13 04:08:58 [Debug] start /User
2023-04-13 04:08:58 [Debug] end /User
2023-04-13 04:09:54 [Debug] start /User/Login
2023-04-13 04:09:54 [Debug] end /User/Login
2023-04-13 04:10:05 [Debug] start /admin.js
2023-04-13 04:10:05 [Debug] end /admin.js
2023-04-13 04:10:06 [Debug] start /User
2023-04-13 04:10:06 [Debug] end /User
2023-04-13 04:21:38 [Debug] start /
2023-04-13 04:21:38 [Debug] end /index.html
2023-04-13 04:21:38 [Debug] start /login.js
2023-04-13 04:21:38 [Debug] end /login.js
2023-04-13 04:21:38 [Debug] start /fonts/AmaticSC-Bold.ttf
2023-04-13 04:21:38 [Debug] end /fonts/AmaticSC-Bold.ttf
2023-04-13 04:21:39 [Debug] start /favicon.ico
2023-04-13 04:21:39 [Debug] end /favicon.ico
2023-04-13 04:21:59 [Debug] start /User/Login
2023-04-13 04:22:00 [Debug] end /User/Login
2023-04-13 04:22:01 [Debug] start /user.html
2023-04-13 04:22:01 [Debug] end /user.html
2023-04-13 04:22:28 [Debug] start /user.html
2023-04-13 04:22:28 [Debug] end /user.html
2023-04-13 04:22:28 [Debug] start /user.js
2023-04-13 04:22:28 [Debug] end /user.js
2023-04-13 04:22:28 [Debug] start /task
2023-04-13 04:22:28 [Debug] end /task
2023-04-13 04:22:28 [Debug] start /favicon.ico
2023-04-13 04:22:28 [Debug] end /favicon.ico
2023-04-13 04:23:44 [Debug] start /user.html
2023-04-13 04:23:44 [Debug] end /user.html
2023-04-13 04:23:44 [Debug] start /user.js
2023-04-13 04:23:44 [Debug] end /user.js
2023-04-13 04:23:44 [Debug] start /task
2023-04-13 04:23:45 [Debug] end /task
2023-04-13 04:23:55 [Debug] start /fonts/AmaticSC-Bold.ttf
2023-04-13 04:23:55 [Debug] end /fonts/AmaticSC-Bold.ttf
2023-04-13 04:24:07 [Debug] start /User/Login
2023-04-13 04:24:07 [Debug] end /User/Login
2023-04-13 04:24:09 [Debug] start /user.html
2023-04-13 04:24:09 [Debug] end /user.html
2023-04-13 04:24:09 [Debug] start /user.js
2023-04-13 04:24:09 [Debug] end /user.js
2023-04-13 04:24:09 [Debug] start /task
2023-04-13 04:24:09 [Debug] end /task
2023-04-13 04:25:00 [Debug] start /user.html
2023-04-13 04:25:00 [Debug] end /user.html
2023-04-13 04:25:00 [Debug] start /user.js
2023-04-13 04:25:00 [Debug] end /user.js
2023-04-13 04:25:00 [Debug] start /task
2023-04-13 04:25:01 [Debug] end /task
2023-04-13 04:25:08 [Debug] start /User/Login
2023-04-13 04:25:08 [Debug] end /User/Login
2023-04-13 04:25:09 [Debug] start /user.js
2023-04-13 04:25:09 [Debug] end /user.js
2023-04-13 04:25:09 [Debug] start /task
2023-04-13 04:25:09 [Debug] end /task
2023-04-13 04:25:31 [Debug] start /task/
2023-04-13 04:25:31 [Debug] end /task/
2023-04-13 04:25:31 [Debug] start /task
2023-04-13 04:25:31 [Debug] end /task
2023-04-13 04:31:33 [Debug] start /fonts/AmaticSC-Bold.ttf
2023-04-13 04:31:33 [Debug] end /fonts/AmaticSC-Bold.ttf
2023-04-13 04:31:33 [Debug] start /favicon.ico
2023-04-13 04:31:33 [Debug] end /favicon.ico
2023-04-13 04:31:46 [Debug] start /User/Login
2023-04-13 04:31:46 [Debug] end /User/Login
2023-04-13 04:31:50 [Debug] start /user.html
2023-04-13 04:31:50 [Debug] end /user.html
2023-04-13 04:31:50 [Debug] start /user.js
2023-04-13 04:31:50 [Debug] end /user.js
2023-04-13 04:31:50 [Debug] start /task
2023-04-13 04:31:50 [Debug] end /task
2023-04-13 04:31:57 [Debug] start /User/Login
2023-04-13 04:31:57 [Debug] end /User/Login
2023-04-13 04:32:04 [Debug] start /task
2023-04-13 04:32:04 [Debug] end /task
2023-04-13 04:32:21 [Debug] start /User/Login
2023-04-13 04:32:21 [Debug] end /User/Login
2023-04-13 04:32:22 [Debug] start /task
2023-04-13 04:32:22 [Debug] end /task
2023-04-13 04:32:45 [Debug] start /task
2023-04-13 04:32:46 [Debug] end /task
2023-04-13 04:32:46 [Debug] start /task
2023-04-13 04:32:46 [Debug] end /task
2023-04-13 04:32:56 [Debug] start /task/6
2023-04-13 04:32:56 [Debug] end /task/6
2023-04-13 04:32:56 [Debug] start /task
2023-04-13 04:32:56 [Debug] end /task
